\BOOKMARK [0][-]{titelblad.0}{Titelblad}{}% 1
\BOOKMARK [0][-]{chapter.1}{Introduktion}{}% 2
\BOOKMARK [1][-]{section.1.1}{Initierende problemstilling}{chapter.1}% 3
\BOOKMARK [0][-]{chapter.2}{Problemanalyse}{}% 4
\BOOKMARK [1][-]{section.2.1}{Kn\346artrosepatienter}{chapter.2}% 5
\BOOKMARK [2][-]{subsection.2.1.1}{Kn\346leddet og kn\346artrose}{section.2.1}% 6
\BOOKMARK [2][-]{subsection.2.1.2}{Demografi}{section.2.1}% 7
\BOOKMARK [1][-]{section.2.2}{Behandlingsmetoder}{chapter.2}% 8
\BOOKMARK [2][-]{subsection.2.2.1}{Forl\370b}{section.2.2}% 9
\BOOKMARK [2][-]{subsection.2.2.2}{Non-invasiv behandling}{section.2.2}% 10
\BOOKMARK [2][-]{subsection.2.2.3}{Invasiv behandling}{section.2.2}% 11
\BOOKMARK [1][-]{section.2.3}{Smerte}{chapter.2}% 12
\BOOKMARK [2][-]{subsection.2.3.1}{Anatomi og fysiologi}{section.2.3}% 13
\BOOKMARK [2][-]{subsection.2.3.2}{Smertetyper}{section.2.3}% 14
\BOOKMARK [2][-]{subsection.2.3.3}{Smerte og kn\346artrose}{section.2.3}% 15
\BOOKMARK [1][-]{section.2.4}{Klinisk udv\346lgelse af patienter}{chapter.2}% 16
\BOOKMARK [1][-]{section.2.5}{Teknologier til smerteklassificering}{chapter.2}% 17
\BOOKMARK [2][-]{subsection.2.5.1}{Functional Magnetic Resonance Imaging}{section.2.5}% 18
\BOOKMARK [2][-]{subsection.2.5.2}{Quantitative sensory testing}{section.2.5}% 19
\BOOKMARK [2][-]{subsection.2.5.3}{Elektrofysiologiske unders\370gelsesmetoder}{section.2.5}% 20
\BOOKMARK [2][-]{subsection.2.5.4}{Vurdering af teknologier til smerteklassificering}{section.2.5}% 21
\BOOKMARK [0][-]{chapter.3}{Problemafgr\346nsning}{}% 22
\BOOKMARK [1][-]{section.3.1}{Problemformulering}{chapter.3}% 23
\BOOKMARK [0][-]{chapter.4}{Metode}{}% 24
\BOOKMARK [1][-]{section.4.1}{Projektets metode}{chapter.4}% 25
\BOOKMARK [2][-]{subsection.4.1.1}{Argumentation for valg af dom\346ner}{section.4.1}% 26
\BOOKMARK [1][-]{section.4.2}{Litteraturs\370gning}{chapter.4}% 27
\BOOKMARK [2][-]{subsection.4.2.1}{Evidenshieraki}{section.4.2}% 28
\BOOKMARK [0][-]{chapter.5}{Beskrivelse og tekniske karakteristika for teknologien \(TEC\)}{}% 29
\BOOKMARK [1][-]{section.5.1}{Form\345l}{chapter.5}% 30
\BOOKMARK [1][-]{section.5.2}{Analyse-sp\370rgsm\345l}{chapter.5}% 31
\BOOKMARK [1][-]{section.5.3}{Metode}{chapter.5}% 32
\BOOKMARK [1][-]{section.5.4}{Teknologiens egenskaber}{chapter.5}% 33
\BOOKMARK [2][-]{subsection.5.4.1}{Anvendelsesomr\345de for QST}{section.5.4}% 34
\BOOKMARK [2][-]{subsection.5.4.2}{Unders\370gelse ved QST-protokollen}{section.5.4}% 35
\BOOKMARK [1][-]{section.5.5}{Teknologiens begr\346nsninger}{chapter.5}% 36
\BOOKMARK [2][-]{subsection.5.5.1}{Begr\346nsende faktorer ved benyttelse af QST}{section.5.5}% 37
\BOOKMARK [1][-]{section.5.6}{Sammenligning med nuv\346rende metoder}{chapter.5}% 38
\BOOKMARK [2][-]{subsection.5.6.1}{Sammenspil mellem QST og klinisk vurdering}{section.5.6}% 39
\BOOKMARK [1][-]{section.5.7}{Delkonklusion}{chapter.5}% 40
\BOOKMARK [0][-]{chapter.6}{Klinisk effekt \(EFF\)}{}% 41
\BOOKMARK [1][-]{section.6.1}{Form\345l}{chapter.6}% 42
\BOOKMARK [1][-]{section.6.2}{Analyse-sp\370rgsm\345l}{chapter.6}% 43
\BOOKMARK [1][-]{section.6.3}{Metode}{chapter.6}% 44
\BOOKMARK [1][-]{section.6.4}{Statistisk effekt}{chapter.6}% 45
\BOOKMARK [2][-]{subsection.6.4.1}{QST-protokollens statistiske styrke}{section.6.4}% 46
\BOOKMARK [1][-]{section.6.5}{N\370jagtighed}{chapter.6}% 47
\BOOKMARK [2][-]{subsection.6.5.1}{Patientgruppering p\345 baggrund af QST-resultater}{section.6.5}% 48
\BOOKMARK [2][-]{subsection.6.5.2}{Reproducerbarhed for QST-protokollen}{section.6.5}% 49
\BOOKMARK [1][-]{section.6.6}{Delkonklusion}{chapter.6}% 50
\BOOKMARK [0][-]{chapter.7}{Omkostninger og \370konomisk evaluering \(ECO\)}{}% 51
\BOOKMARK [1][-]{section.7.1}{Form\345l}{chapter.7}% 52
\BOOKMARK [1][-]{section.7.2}{Analyse-sp\370rgsm\345l}{chapter.7}% 53
\BOOKMARK [1][-]{section.7.3}{Metode}{chapter.7}% 54
\BOOKMARK [2][-]{subsection.7.3.1}{Tilegnelse af \370konomisk viden om QST-protokollen}{section.7.3}% 55
\BOOKMARK [1][-]{section.7.4}{Teknologiens effekt i forhold til omkostninger}{chapter.7}% 56
\BOOKMARK [2][-]{subsection.7.4.1}{Omkostninger ved implementering af QST}{section.7.4}% 57
\BOOKMARK [2][-]{subsection.7.4.2}{\330konomisk effekt ved implementering af QST}{section.7.4}% 58
\BOOKMARK [1][-]{section.7.5}{Ressourceudnyttelse}{chapter.7}% 59
\BOOKMARK [2][-]{subsection.7.5.1}{P\345virkning af Region Nordjyllands budget}{section.7.5}% 60
\BOOKMARK [2][-]{subsection.7.5.2}{Transferabilitet}{section.7.5}% 61
\BOOKMARK [1][-]{section.7.6}{Delkonklusion}{chapter.7}% 62
\BOOKMARK [0][-]{chapter.8}{Organisatoriske aspekter \(ORG\)}{}% 63
\BOOKMARK [1][-]{section.8.1}{Form\345l}{chapter.8}% 64
\BOOKMARK [1][-]{section.8.2}{Analyse-sp\370rgsm\345l}{chapter.8}% 65
\BOOKMARK [1][-]{section.8.3}{Metode}{chapter.8}% 66
\BOOKMARK [1][-]{section.8.4}{Organisatoriske \346ndringer}{chapter.8}% 67
\BOOKMARK [2][-]{subsection.8.4.1}{Nuv\346rende behandlingsforl\370b for TKA-patienter}{section.8.4}% 68
\BOOKMARK [2][-]{subsection.8.4.2}{Behandlingsforl\370b ved implementering af QST-protokollen}{section.8.4}% 69
\BOOKMARK [2][-]{subsection.8.4.3}{Korrekt anvendelse af QST-protokollen}{section.8.4}% 70
\BOOKMARK [1][-]{section.8.5}{Opl\346ring og vedligeholdelse}{chapter.8}% 71
\BOOKMARK [2][-]{subsection.8.5.1}{Efteruddannelse}{section.8.5}% 72
\BOOKMARK [2][-]{subsection.8.5.2}{Vedligeholdelse af udstyr}{section.8.5}% 73
\BOOKMARK [1][-]{section.8.6}{Delkonklusion}{chapter.8}% 74
\BOOKMARK [0][-]{chapter.9}{Sikkerhed \(SAF\)}{}% 75
\BOOKMARK [1][-]{section.9.1}{Form\345l}{chapter.9}% 76
\BOOKMARK [1][-]{section.9.2}{Analyse-sp\370rgsm\345l}{chapter.9}% 77
\BOOKMARK [1][-]{section.9.3}{Metode}{chapter.9}% 78
\BOOKMARK [1][-]{section.9.4}{Patientsikkerhed}{chapter.9}% 79
\BOOKMARK [2][-]{subsection.9.4.1}{Sikkerhedsm\346ssige risici for patienter}{section.9.4}% 80
\BOOKMARK [1][-]{section.9.5}{Sikkerhedsforanstaltninger}{chapter.9}% 81
\BOOKMARK [1][-]{section.9.6}{Delkonklusion}{chapter.9}% 82
\BOOKMARK [0][-]{chapter.10}{Patientaspekter \(SOC\)}{}% 83
\BOOKMARK [1][-]{section.10.1}{Form\345l}{chapter.10}% 84
\BOOKMARK [1][-]{section.10.2}{Analyse-sp\370rgsm\345l}{chapter.10}% 85
\BOOKMARK [1][-]{section.10.3}{Metode}{chapter.10}% 86
\BOOKMARK [1][-]{section.10.4}{P\345virkning af QST p\345 patienten}{chapter.10}% 87
\BOOKMARK [2][-]{subsection.10.4.1}{Eksklusion af patienter}{section.10.4}% 88
\BOOKMARK [2][-]{subsection.10.4.2}{Betydning af QST-protokollen for patienter}{section.10.4}% 89
\BOOKMARK [1][-]{section.10.5}{Delkonklusion}{chapter.10}% 90
\BOOKMARK [0][-]{chapter.11}{Etik \(ETH\)}{}% 91
\BOOKMARK [1][-]{section.11.1}{Form\345l}{chapter.11}% 92
\BOOKMARK [1][-]{section.11.2}{Analyse-sp\370rgsm\345l}{chapter.11}% 93
\BOOKMARK [1][-]{section.11.3}{Metode}{chapter.11}% 94
\BOOKMARK [1][-]{section.11.4}{Patientetik}{chapter.11}% 95
\BOOKMARK [2][-]{subsection.11.4.1}{Betydningen af falske QST-resultater}{section.11.4}% 96
\BOOKMARK [1][-]{section.11.5}{Delkonklusion}{chapter.11}% 97
\BOOKMARK [0][-]{chapter.12}{Syntese}{}% 98
\BOOKMARK [1][-]{section.12.1}{Diskussion}{chapter.12}% 99
\BOOKMARK [2][-]{subsection.12.1.1}{Pr\346cision af QST-protokollen}{section.12.1}% 100
\BOOKMARK [2][-]{subsection.12.1.2}{Normative datas\346t}{section.12.1}% 101
\BOOKMARK [2][-]{subsection.12.1.3}{Patientaspekter}{section.12.1}% 102
\BOOKMARK [2][-]{subsection.12.1.4}{\330konomi og organisation}{section.12.1}% 103
\BOOKMARK [2][-]{subsection.12.1.5}{Metode}{section.12.1}% 104
\BOOKMARK [1][-]{section.12.2}{Konklusion}{chapter.12}% 105
\BOOKMARK [1][-]{section.12.3}{Perspektivering}{chapter.12}% 106
\BOOKMARK [2][-]{subsection.12.3.1}{Kroniske smertepatienter}{section.12.3}% 107
\BOOKMARK [2][-]{subsection.12.3.2}{Forl\370b for patienter med positiv QST-unders\370gelse}{section.12.3}% 108
\BOOKMARK [2][-]{subsection.12.3.3}{Videre forskning}{section.12.3}% 109
\BOOKMARK [0][-]{section*.38}{Litteratur}{}% 110
\BOOKMARK [0][-]{chapter.A}{Borgerforl\370b}{}% 111
\BOOKMARK [0][-]{chapter.B}{S\370geprotokol}{}% 112
\BOOKMARK [1][-]{section.B.1}{TEC}{chapter.B}% 113
\BOOKMARK [1][-]{section.B.2}{EFF}{chapter.B}% 114
\BOOKMARK [1][-]{section.B.3}{ECO}{chapter.B}% 115
\BOOKMARK [1][-]{section.B.4}{ORG}{chapter.B}% 116
\BOOKMARK [1][-]{section.B.5}{SAF}{chapter.B}% 117
\BOOKMARK [1][-]{section.B.6}{SOC}{chapter.B}% 118
\BOOKMARK [1][-]{section.B.7}{ETH}{chapter.B}% 119
